<?xml version="1.0" encoding="UTF-8"?>
<!-- Generated by org.testng.reporters.JUnitXMLReporter -->
<testsuite hostname="CAI-C02SG3SRFVH6LT" name="Default test" tests="2" failures="0" timestamp="23 Mar 2017 13:13:15 GMT" time="0.043" errors="0">
  <testcase name="@BeforeClass setUp" time="0.0" classname="com.cox.maven.poc.test_maven.TestStepTwo">
    <failure type="org.testng.TestNGException" message="
Parameter &amp;apos;browserName&amp;apos; is required by @Configuration on method setUp but has not been marked @Optional or defined
in /private/var/folders/jk/k7v5d_l12vl94tkddgttb9lc6_8zcn/T/testng-eclipse-1347391027/testng-customsuite.xml">
      <![CDATA[org.testng.TestNGException: 
Parameter 'browserName' is required by @Configuration on method setUp but has not been marked @Optional or defined
in /private/var/folders/jk/k7v5d_l12vl94tkddgttb9lc6_8zcn/T/testng-eclipse-1347391027/testng-customsuite.xml
	at org.testng.internal.Parameters.createParameters(Parameters.java:154)
	at org.testng.internal.Parameters.createParameters(Parameters.java:361)
	at org.testng.internal.Parameters.createConfigurationParameters(Parameters.java:84)
	at org.testng.internal.Invoker.invokeConfigurations(Invoker.java:197)
	at org.testng.internal.Invoker.invokeConfigurations(Invoker.java:138)
	at org.testng.internal.TestMethodWorker.invokeBeforeClassMethods(TestMethodWorker.java:170)
	at org.testng.internal.TestMethodWorker.run(TestMethodWorker.java:104)
	at org.testng.TestRunner.privateRun(TestRunner.java:774)
	at org.testng.TestRunner.run(TestRunner.java:624)
	at org.testng.SuiteRunner.runTest(SuiteRunner.java:359)
	at org.testng.SuiteRunner.runSequentially(SuiteRunner.java:354)
	at org.testng.SuiteRunner.privateRun(SuiteRunner.java:312)
	at org.testng.SuiteRunner.run(SuiteRunner.java:261)
	at org.testng.SuiteRunnerWorker.runSuite(SuiteRunnerWorker.java:52)
	at org.testng.SuiteRunnerWorker.run(SuiteRunnerWorker.java:86)
	at org.testng.TestNG.runSuitesSequentially(TestNG.java:1191)
	at org.testng.TestNG.runSuitesLocally(TestNG.java:1116)
	at org.testng.TestNG.run(TestNG.java:1024)
	at org.testng.remote.AbstractRemoteTestNG.run(AbstractRemoteTestNG.java:132)
	at org.testng.remote.RemoteTestNG.initAndRun(RemoteTestNG.java:230)
	at org.testng.remote.RemoteTestNG.main(RemoteTestNG.java:76)
]]>
    </failure>
  </testcase> <!-- @BeforeClass setUp -->
  <testcase name="@AfterTest afterTest" time="0.0" classname="com.cox.maven.poc.test_maven.TestStepTwo">
    <skipped/>
  </testcase> <!-- @AfterTest afterTest -->
  <testcase name="login" time="0.001" classname="com.cox.maven.poc.test_maven.TestStepTwo">
    <skipped/>
  </testcase> <!-- login -->
  <testcase name="loadNewDealerRequest" time="0.0" classname="com.cox.maven.poc.test_maven.TestStepTwo">
    <skipped/>
  </testcase> <!-- loadNewDealerRequest -->
</testsuite> <!-- Default test -->
