<?xml version="1.0" encoding="UTF-8"?>
<!-- Generated by org.testng.reporters.JUnitXMLReporter -->
<testsuite hostname="CAI-C02SG3SRFVH6LT" name="SFDC_UseCase" tests="4" failures="0" timestamp="21 Mar 2017 17:37:38 GMT" time="0.087" errors="0">
  <testcase name="@BeforeTest beforeTest" time="0.0" classname="com.cox.maven.poc.test_maven.TestStepTwo">
    <failure type="org.openqa.selenium.InvalidArgumentException" message="Malformed URL:  is not a valid URL.
Build info: version: &amp;apos;3.3.1&amp;apos;, revision: &amp;apos;5234b325d5&amp;apos;, time: &amp;apos;2017-03-10 09:10:29 +0000&amp;apos;
System info: host: &amp;apos;CAI-C02SG3SRFVH6LT&amp;apos;, ip: &amp;apos;fe80:0:0:0:c6b3:1ff:fecf:68f9%en0&amp;apos;, os.name: &amp;apos;Mac OS X&amp;apos;, os.arch: &amp;apos;x86_64&amp;apos;, os.version: &amp;apos;10.11.6&amp;apos;, java.version: &amp;apos;1.8.0_121&amp;apos;
Driver info: org.openqa.selenium.firefox.FirefoxDriver
Capabilities [{rotatable=false, raisesAccessibilityExceptions=false, appBuildId=20170125094131, version=51.0.1, platform=MAC, proxy={}, command_id=1, specificationLevel=0, acceptSslCerts=false, processId=5446, browserVersion=51.0.1, platformVersion=15.6.0, XULappId={ec8030f7-c20a-464f-9b0e-13a3a9e97384}, browserName=firefox, takesScreenshot=true, takesElementScreenshot=true, platformName=darwin}]
Session ID: 02b9d1c0-eddb-2344-b842-770614e0e29e">
      <![CDATA[org.openqa.selenium.InvalidArgumentException: Malformed URL:  is not a valid URL.
Build info: version: '3.3.1', revision: '5234b325d5', time: '2017-03-10 09:10:29 +0000'
System info: host: 'CAI-C02SG3SRFVH6LT', ip: 'fe80:0:0:0:c6b3:1ff:fecf:68f9%en0', os.name: 'Mac OS X', os.arch: 'x86_64', os.version: '10.11.6', java.version: '1.8.0_121'
Driver info: org.openqa.selenium.firefox.FirefoxDriver
Capabilities [{rotatable=false, raisesAccessibilityExceptions=false, appBuildId=20170125094131, version=51.0.1, platform=MAC, proxy={}, command_id=1, specificationLevel=0, acceptSslCerts=false, processId=5446, browserVersion=51.0.1, platformVersion=15.6.0, XULappId={ec8030f7-c20a-464f-9b0e-13a3a9e97384}, browserName=firefox, takesScreenshot=true, takesElementScreenshot=true, platformName=darwin}]
Session ID: 02b9d1c0-eddb-2344-b842-770614e0e29e
	at org.openqa.selenium.remote.http.W3CHttpResponseCodec.createException(W3CHttpResponseCodec.java:133)
	at org.openqa.selenium.remote.http.W3CHttpResponseCodec.decode(W3CHttpResponseCodec.java:99)
	at org.openqa.selenium.remote.http.W3CHttpResponseCodec.decode(W3CHttpResponseCodec.java:43)
	at org.openqa.selenium.remote.HttpCommandExecutor.execute(HttpCommandExecutor.java:163)
	at org.openqa.selenium.remote.service.DriverCommandExecutor.execute(DriverCommandExecutor.java:82)
	at org.openqa.selenium.remote.RemoteWebDriver.execute(RemoteWebDriver.java:604)
	at org.openqa.selenium.remote.RemoteWebDriver.get(RemoteWebDriver.java:325)
	at com.cox.maven.poc.test_maven.TestStepTwo.login(TestStepTwo.java:27)
	at com.cox.maven.poc.test_maven.TestStepTwo.beforeTest(TestStepTwo.java:138)
... Removed 29 stack frames]]>
    </failure>
  </testcase> <!-- @BeforeTest beforeTest -->
  <testcase name="@BeforeClass beforeTest" time="0.0" classname="com.cox.maven.poc.test_maven.OpportunitiesPageExecutor">
    <skipped/>
  </testcase> <!-- @BeforeClass beforeTest -->
  <testcase name="@AfterTest afterTest" time="0.0" classname="com.cox.maven.poc.test_maven.OpportunitiesPageExecutor">
    <skipped/>
  </testcase> <!-- @AfterTest afterTest -->
  <testcase name="@AfterTest afterTest" time="0.0" classname="com.cox.maven.poc.test_maven.OpportunitiesPageExecutor">
    <skipped/>
  </testcase> <!-- @AfterTest afterTest -->
  <testcase name="login" time="0.001" classname="com.cox.maven.poc.test_maven.OpportunitiesPageExecutor">
    <skipped/>
  </testcase> <!-- login -->
  <testcase name="login" time="0.0" classname="com.cox.maven.poc.test_maven.TestStepTwo">
    <skipped/>
  </testcase> <!-- login -->
  <testcase name="createOpportunities" time="0.0" classname="com.cox.maven.poc.test_maven.OpportunitiesPageExecutor">
    <skipped/>
  </testcase> <!-- createOpportunities -->
  <testcase name="loadNewDealerRequest" time="0.0" classname="com.cox.maven.poc.test_maven.TestStepTwo">
    <skipped/>
  </testcase> <!-- loadNewDealerRequest -->
</testsuite> <!-- SFDC_UseCase -->
